Files already downloaded and verified
Files already downloaded and verified
[1,   200] loss: 2.253
[1,   400] loss: 2.094
[1,   600] loss: 1.951
[2,   200] loss: 1.773
[2,   400] loss: 1.719
[2,   600] loss: 1.651
[3,   200] loss: 1.565
[3,   400] loss: 1.516
[3,   600] loss: 1.490
[4,   200] loss: 1.428
[4,   400] loss: 1.406
[4,   600] loss: 1.391
[5,   200] loss: 1.329
[5,   400] loss: 1.309
[5,   600] loss: 1.335
[6,   200] loss: 1.288
[6,   400] loss: 1.254
[6,   600] loss: 1.262
[7,   200] loss: 1.246
[7,   400] loss: 1.208
[7,   600] loss: 1.194
[8,   200] loss: 1.158
[8,   400] loss: 1.174
[8,   600] loss: 1.162
[9,   200] loss: 1.121
[9,   400] loss: 1.122
[9,   600] loss: 1.106
[10,   200] loss: 1.070
[10,   400] loss: 1.092
[10,   600] loss: 1.083
[11,   200] loss: 1.059
[11,   400] loss: 1.042
[11,   600] loss: 1.044
[12,   200] loss: 1.027
[12,   400] loss: 1.018
[12,   600] loss: 1.006
[13,   200] loss: 0.985
[13,   400] loss: 0.982
[13,   600] loss: 0.976
[14,   200] loss: 0.962
[14,   400] loss: 0.941
[14,   600] loss: 0.953
[15,   200] loss: 0.919
[15,   400] loss: 0.926
[15,   600] loss: 0.917
[16,   200] loss: 0.910
[16,   400] loss: 0.897
[16,   600] loss: 0.890
[17,   200] loss: 0.861
[17,   400] loss: 0.858
[17,   600] loss: 0.879
[18,   200] loss: 0.853
[18,   400] loss: 0.840
[18,   600] loss: 0.854
[19,   200] loss: 0.826
[19,   400] loss: 0.827
[19,   600] loss: 0.816
[20,   200] loss: 0.786
[20,   400] loss: 0.778
[20,   600] loss: 0.819
[21,   200] loss: 0.787
[21,   400] loss: 0.784
[21,   600] loss: 0.780
[22,   200] loss: 0.750
[22,   400] loss: 0.758
[22,   600] loss: 0.757
[23,   200] loss: 0.738
[23,   400] loss: 0.752
[23,   600] loss: 0.737
[24,   200] loss: 0.713
[24,   400] loss: 0.721
[24,   600] loss: 0.731
[25,   200] loss: 0.703
[25,   400] loss: 0.705
[25,   600] loss: 0.695
[26,   200] loss: 0.673
[26,   400] loss: 0.686
[26,   600] loss: 0.689
[27,   200] loss: 0.659
[27,   400] loss: 0.673
[27,   600] loss: 0.673
[28,   200] loss: 0.648
[28,   400] loss: 0.657
[28,   600] loss: 0.646
[29,   200] loss: 0.639
[29,   400] loss: 0.625
[29,   600] loss: 0.644
[30,   200] loss: 0.622
[30,   400] loss: 0.618
[30,   600] loss: 0.609
[31,   200] loss: 0.555
[31,   400] loss: 0.557
[31,   600] loss: 0.544
[32,   200] loss: 0.541
[32,   400] loss: 0.541
[32,   600] loss: 0.545
[33,   200] loss: 0.531
[33,   400] loss: 0.532
[33,   600] loss: 0.529
[34,   200] loss: 0.522
[34,   400] loss: 0.528
[34,   600] loss: 0.536
[35,   200] loss: 0.517
[35,   400] loss: 0.542
[35,   600] loss: 0.518
[36,   200] loss: 0.523
[36,   400] loss: 0.513
[36,   600] loss: 0.534
[37,   200] loss: 0.518
[37,   400] loss: 0.518
[37,   600] loss: 0.526
[38,   200] loss: 0.527
[38,   400] loss: 0.513
[38,   600] loss: 0.516
[39,   200] loss: 0.510
[39,   400] loss: 0.511
[39,   600] loss: 0.506
[40,   200] loss: 0.505
[40,   400] loss: 0.516
[40,   600] loss: 0.519
[41,   200] loss: 0.512
[41,   400] loss: 0.504
[41,   600] loss: 0.510
[42,   200] loss: 0.505
[42,   400] loss: 0.504
[42,   600] loss: 0.509
[43,   200] loss: 0.494
[43,   400] loss: 0.508
[43,   600] loss: 0.504
[44,   200] loss: 0.503
[44,   400] loss: 0.502
[44,   600] loss: 0.498
[45,   200] loss: 0.503
[45,   400] loss: 0.496
[45,   600] loss: 0.498
[46,   200] loss: 0.501
[46,   400] loss: 0.491
[46,   600] loss: 0.491
[47,   200] loss: 0.483
[47,   400] loss: 0.486
[47,   600] loss: 0.495
[48,   200] loss: 0.499
[48,   400] loss: 0.480
[48,   600] loss: 0.491
[49,   200] loss: 0.480
[49,   400] loss: 0.490
[49,   600] loss: 0.493
[50,   200] loss: 0.486
[50,   400] loss: 0.486
[50,   600] loss: 0.491
Finished Training
Accuracy on the test set: 74.49%